Temp/gradleOut/launcher/build/intermediates/manifest_merge_blame_file/release/manifest-merger-blame-release-report.txt
1<?xml version="1.0" encoding="utf-8"?>
2<!-- GENERATED BY UNITY. REMOVE THIS COMMENT TO PREVENT OVERWRITING WHEN EXPORTING AGAIN -->
3<manifest xmlns:android="http://schemas.android.com/apk/res/android"
4    package="com.DefaultCompany.BalloonBattle"
5    android:installLocation="preferExternal"
6    android:versionCode="1"
7    android:versionName="1.0" >
8
9    <uses-sdk
10        android:minSdkVersion="19"
10-->src\main\AndroidManifest.xml
11        android:targetSdkVersion="28" />
11-->src\main\AndroidManifest.xml
12
13    <supports-screens
13-->src\main\AndroidManifest.xml:4:3-163
14        android:anyDensity="true"
14-->src\main\AndroidManifest.xml:4:135-160
15        android:largeScreens="true"
15-->src\main\AndroidManifest.xml:4:78-105
16        android:normalScreens="true"
16-->src\main\AndroidManifest.xml:4:49-77
17        android:smallScreens="true"
17-->src\main\AndroidManifest.xml:4:21-48
18        android:xlargeScreens="true" />
18-->src\main\AndroidManifest.xml:4:106-134
19
20    <uses-feature android:glEsVersion="0x00020000" />
20-->[:unityLibrary] AndroidManifest.xml:13:5-54
20-->[:unityLibrary] AndroidManifest.xml:13:19-51
21    <uses-feature
21-->[:unityLibrary] AndroidManifest.xml:14:5-16:36
22        android:name="android.hardware.touchscreen"
22-->[:unityLibrary] AndroidManifest.xml:15:9-52
23        android:required="false" />
23-->[:unityLibrary] AndroidManifest.xml:16:9-33
24    <uses-feature
24-->[:unityLibrary] AndroidManifest.xml:17:5-19:36
25        android:name="android.hardware.touchscreen.multitouch"
25-->[:unityLibrary] AndroidManifest.xml:18:9-63
26        android:required="false" />
26-->[:unityLibrary] AndroidManifest.xml:19:9-33
27    <uses-feature
27-->[:unityLibrary] AndroidManifest.xml:20:5-22:36
28        android:name="android.hardware.touchscreen.multitouch.distinct"
28-->[:unityLibrary] AndroidManifest.xml:21:9-72
29        android:required="false" /> <!-- Include required permissions for Google Mobile Ads to run -->
29-->[:unityLibrary] AndroidManifest.xml:22:9-33
30    <uses-permission android:name="android.permission.INTERNET" />
30-->[:com.google.android.gms.play-services-ads-lite-19.3.0:] AndroidManifest.xml:20:3-65
30-->[:com.google.android.gms.play-services-ads-lite-19.3.0:] AndroidManifest.xml:20:20-62
31    <uses-permission android:name="android.permission.ACCESS_NETWORK_STATE" />
31-->[:com.google.android.gms.play-services-ads-lite-19.3.0:] AndroidManifest.xml:21:3-77
31-->[:com.google.android.gms.play-services-ads-lite-19.3.0:] AndroidManifest.xml:21:20-74
32    <uses-permission android:name="android.permission.WAKE_LOCK" />
32-->[:com.google.android.gms.play-services-measurement-sdk-api-17.1.0:] AndroidManifest.xml:25:5-68
32-->[:com.google.android.gms.play-services-measurement-sdk-api-17.1.0:] AndroidManifest.xml:25:22-65
33
34    <application
34-->src\main\AndroidManifest.xml:5:3-116
35        android:appComponentFactory="androidx.core.app.CoreComponentFactory"
35-->[:androidx.core.core-1.0.0:] AndroidManifest.xml:22:18-86
36        android:extractNativeLibs="true"
36-->src\main\AndroidManifest.xml:5:16-48
37        android:icon="@mipmap/app_icon"
37-->src\main\AndroidManifest.xml:5:82-113
38        android:label="@string/app_name" >
38-->src\main\AndroidManifest.xml:5:49-81
39        <activity
39-->[:unityLibrary] AndroidManifest.xml:25:9-44:20
40            android:name="com.unity3d.player.UnityPlayerActivity"
40-->[:unityLibrary] AndroidManifest.xml:26:13-66
41            android:configChanges="mcc|mnc|locale|touchscreen|keyboard|keyboardHidden|navigation|orientation|screenLayout|uiMode|screenSize|smallestScreenSize|fontScale|layoutDirection|density"
41-->[:unityLibrary] AndroidManifest.xml:27:13-194
42            android:hardwareAccelerated="false"
42-->[:unityLibrary] AndroidManifest.xml:28:13-48
43            android:launchMode="singleTask"
43-->[:unityLibrary] AndroidManifest.xml:29:13-44
44            android:screenOrientation="landscape"
44-->[:unityLibrary] AndroidManifest.xml:30:13-50
45            android:theme="@style/UnityThemeSelector" >
45-->[:unityLibrary] AndroidManifest.xml:31:13-54
46            <intent-filter>
46-->[:unityLibrary] AndroidManifest.xml:32:13-36:29
47                <action android:name="android.intent.action.MAIN" />
47-->[:unityLibrary] AndroidManifest.xml:33:17-69
47-->[:unityLibrary] AndroidManifest.xml:33:25-66
48
49                <category android:name="android.intent.category.LAUNCHER" />
49-->[:unityLibrary] AndroidManifest.xml:35:17-77
49-->[:unityLibrary] AndroidManifest.xml:35:27-74
50            </intent-filter>
51
52            <meta-data
52-->[:unityLibrary] AndroidManifest.xml:38:13-40:40
53                android:name="unityplayer.UnityActivity"
53-->[:unityLibrary] AndroidManifest.xml:39:17-57
54                android:value="true" />
54-->[:unityLibrary] AndroidManifest.xml:40:17-37
55            <meta-data
55-->[:unityLibrary] AndroidManifest.xml:41:13-43:40
56                android:name="android.notch_support"
56-->[:unityLibrary] AndroidManifest.xml:42:17-53
57                android:value="true" />
57-->[:unityLibrary] AndroidManifest.xml:43:17-37
58        </activity>
59
60        <meta-data
60-->[:unityLibrary] AndroidManifest.xml:46:9-48:33
61            android:name="unity.splash-mode"
61-->[:unityLibrary] AndroidManifest.xml:47:13-45
62            android:value="0" />
62-->[:unityLibrary] AndroidManifest.xml:48:13-30
63        <meta-data
63-->[:unityLibrary] AndroidManifest.xml:49:9-51:36
64            android:name="unity.splash-enable"
64-->[:unityLibrary] AndroidManifest.xml:50:13-47
65            android:value="True" />
65-->[:unityLibrary] AndroidManifest.xml:51:13-33
66        <meta-data
66-->[:unityLibrary] AndroidManifest.xml:52:9-54:50
67            android:name="notch.config"
67-->[:unityLibrary] AndroidManifest.xml:53:13-40
68            android:value="portrait|landscape" />
68-->[:unityLibrary] AndroidManifest.xml:54:13-47
69        <meta-data
69-->[:unityLibrary] AndroidManifest.xml:55:9-57:68
70            android:name="unity.build-id"
70-->[:unityLibrary] AndroidManifest.xml:56:13-42
71            android:value="de1ca83d-becb-4cd8-931b-f8d32d981ff2" /> <!-- Include the AdActivity and InAppPurchaseActivity configChanges and themes. -->
71-->[:unityLibrary] AndroidManifest.xml:57:13-65
72        <activity
72-->[:com.google.android.gms.play-services-ads-lite-19.3.0:] AndroidManifest.xml:24:5-254
73            android:name="com.google.android.gms.ads.AdActivity"
73-->[:com.google.android.gms.play-services-ads-lite-19.3.0:] AndroidManifest.xml:24:15-67
74            android:configChanges="keyboard|keyboardHidden|orientation|screenLayout|uiMode|screenSize|smallestScreenSize"
74-->[:com.google.android.gms.play-services-ads-lite-19.3.0:] AndroidManifest.xml:24:68-177
75            android:exported="false"
75-->[:com.google.android.gms.play-services-ads-lite-19.3.0:] AndroidManifest.xml:24:178-202
76            android:theme="@android:style/Theme.Translucent" />
76-->[:com.google.android.gms.play-services-ads-lite-19.3.0:] AndroidManifest.xml:24:203-251
77
78        <provider
78-->[:com.google.android.gms.play-services-ads-lite-19.3.0:] AndroidManifest.xml:25:5-207
79            android:name="com.google.android.gms.ads.MobileAdsInitProvider"
79-->[:com.google.android.gms.play-services-ads-lite-19.3.0:] AndroidManifest.xml:25:15-78
80            android:authorities="com.DefaultCompany.BalloonBattle.mobileadsinitprovider"
80-->[:com.google.android.gms.play-services-ads-lite-19.3.0:] AndroidManifest.xml:25:79-155
81            android:exported="false"
81-->[:com.google.android.gms.play-services-ads-lite-19.3.0:] AndroidManifest.xml:25:156-180
82            android:initOrder="100" />
82-->[:com.google.android.gms.play-services-ads-lite-19.3.0:] AndroidManifest.xml:25:181-204
83
84        <meta-data
84-->[:com.google.android.gms.play-services-basement-17.0.0:] AndroidManifest.xml:23:9-25:69
85            android:name="com.google.android.gms.version"
85-->[:com.google.android.gms.play-services-basement-17.0.0:] AndroidManifest.xml:24:13-58
86            android:value="@integer/google_play_services_version" />
86-->[:com.google.android.gms.play-services-basement-17.0.0:] AndroidManifest.xml:25:13-66
87
88        <uses-library
88-->[:unityLibrary:GoogleMobileAdsPlugin.androidlib] AndroidManifest.xml:10:9-12:40
89            android:name="org.apache.http.legacy"
89-->[:unityLibrary:GoogleMobileAdsPlugin.androidlib] AndroidManifest.xml:11:13-50
90            android:required="false" />
90-->[:unityLibrary:GoogleMobileAdsPlugin.androidlib] AndroidManifest.xml:12:13-37
91
92        <meta-data
92-->[:unityLibrary:GoogleMobileAdsPlugin.androidlib] AndroidManifest.xml:14:9-16:36
93            android:name="com.google.android.gms.ads.AD_MANAGER_APP"
93-->[:unityLibrary:GoogleMobileAdsPlugin.androidlib] AndroidManifest.xml:15:13-69
94            android:value="true" />
94-->[:unityLibrary:GoogleMobileAdsPlugin.androidlib] AndroidManifest.xml:16:13-33
95    </application>
96
97</manifest>